The frequencies to be sampled are: [9.01, 9.11, 9.21, 9.31, 9.41, 9.51, 9.61, 9.71, 9.81, 9.91, 10.01, 10.11, 10.21, 10.31, 10.41, 10.51, 10.61, 10.71, 10.81, 10.91, 11.01]
ω = 9.0100:
·  t₀ = 300.04000, angle(t₀) = 0.05318, speed(t₀) = 0.00129
·  δt = 0.00030
·  t₀ + δt = 300.04030, angle(t₀ + δt) = 0.05318, speed(t₀ + δt) = -0.00000
ω = 9.1100:
·  t₀ = 300.19000, angle(t₀) = 0.05909, speed(t₀) = 0.02291
·  δt = 0.00466
·  t₀ + δt = 300.19466, angle(t₀ + δt) = 0.05914, speed(t₀ + δt) = -0.00000
ω = 9.2100:
·  t₀ = 300.34000, angle(t₀) = 0.06575, speed(t₀) = 0.03302
·  δt = 0.00591
·  t₀ + δt = 300.34591, angle(t₀ + δt) = 0.06585, speed(t₀ + δt) = 0.00000
ω = 9.3100:
·  t₀ = 300.15000, angle(t₀) = -0.07439, speed(t₀) = -0.04978
·  δt = 0.00771
·  t₀ + δt = 300.15771, angle(t₀ + δt) = -0.07458, speed(t₀ + δt) = -0.00001
ω = 9.4100:
·  t₀ = 300.30000, angle(t₀) = -0.08688, speed(t₀) = -0.06005
·  δt = 0.00779
·  t₀ + δt = 300.30779, angle(t₀ + δt) = -0.08711, speed(t₀ + δt) = -0.00001
ω = 9.5100:
·  t₀ = 300.12000, angle(t₀) = 0.10504, speed(t₀) = 0.03265
·  δt = 0.00343
·  t₀ + δt = 300.12343, angle(t₀ + δt) = 0.10510, speed(t₀ + δt) = -0.00001
ω = 9.6100:
·  t₀ = 300.26000, angle(t₀) = 0.13065, speed(t₀) = 0.11469
·  δt = 0.00947
·  t₀ + δt = 300.26947, angle(t₀ + δt) = 0.13120, speed(t₀ + δt) = 0.00001
ω = 9.7100:
·  t₀ = 300.09000, angle(t₀) = -0.17401, speed(t₀) = -0.00740
·  δt = 0.00045
·  t₀ + δt = 300.09045, angle(t₀ + δt) = -0.17401, speed(t₀ + δt) = 0.00001
ω = 9.8100:
·  t₀ = 300.23000, angle(t₀) = -0.26239, speed(t₀) = -0.19766
·  δt = 0.00781
·  t₀ + δt = 300.23781, angle(t₀ + δt) = -0.26316, speed(t₀ + δt) = -0.00004
ω = 9.9100:
·  t₀ = 300.07000, angle(t₀) = 0.54990, speed(t₀) = 0.06809
·  δt = 0.00126
·  t₀ + δt = 300.07126, angle(t₀ + δt) = 0.54994, speed(t₀ + δt) = -0.00007
ω = 10.0100:
·  t₀ = 300.09000, angle(t₀) = -2.58676, speed(t₀) = -0.03451
·  δt = 0.00013
·  t₀ + δt = 300.09013, angle(t₀ + δt) = -2.58676, speed(t₀ + δt) = 0.00006
ω = 10.1100:
·  t₀ = 300.31000, angle(t₀) = -0.44631, speed(t₀) = -0.25898
·  δt = 0.00567
·  t₀ + δt = 300.31567, angle(t₀ + δt) = -0.44705, speed(t₀ + δt) = -0.00003
ω = 10.2100:
·  t₀ = 300.15000, angle(t₀) = 0.23327, speed(t₀) = 0.02556
·  δt = 0.00105
·  t₀ + δt = 300.15105, angle(t₀ + δt) = 0.23328, speed(t₀ + δt) = -0.00003
ω = 10.3100:
·  t₀ = 300.29000, angle(t₀) = 0.15814, speed(t₀) = 0.00207
·  δt = 0.00012
·  t₀ + δt = 300.29012, angle(t₀ + δt) = 0.15814, speed(t₀ + δt) = -0.00000
ω = 10.4100:
·  t₀ = 300.12000, angle(t₀) = -0.12007, speed(t₀) = -0.03331
·  δt = 0.00256
·  t₀ + δt = 300.12256, angle(t₀ + δt) = -0.12012, speed(t₀ + δt) = 0.00002
ω = 10.5100:
·  t₀ = 300.25000, angle(t₀) = -0.09582, speed(t₀) = -0.06456
·  δt = 0.00609
·  t₀ + δt = 300.25609, angle(t₀ + δt) = -0.09602, speed(t₀ + δt) = -0.00001
ω = 10.6100:
·  t₀ = 300.09000, angle(t₀) = 0.07913, speed(t₀) = 0.01349
·  δt = 0.00151
·  t₀ + δt = 300.09151, angle(t₀ + δt) = 0.07914, speed(t₀ + δt) = -0.00001
ω = 10.7100:
·  t₀ = 300.22000, angle(t₀) = 0.06749, speed(t₀) = 0.03085
·  δt = 0.00398
·  t₀ + δt = 300.22398, angle(t₀ + δt) = 0.06755, speed(t₀ + δt) = -0.00001
ω = 10.8100:
·  t₀ = 300.06000, angle(t₀) = -0.05946, speed(t₀) = -0.01965
·  δt = 0.00283
·  t₀ + δt = 300.06283, angle(t₀ + δt) = -0.05949, speed(t₀ + δt) = 0.00001
ω = 10.9100:
·  t₀ = 300.19000, angle(t₀) = -0.05292, speed(t₀) = -0.01004
·  δt = 0.00160
·  t₀ + δt = 300.19160, angle(t₀ + δt) = -0.05293, speed(t₀ + δt) = 0.00001
ω = 11.0100:
·  t₀ = 300.03000, angle(t₀) = 0.04705, speed(t₀) = 0.01575
·  δt = 0.00276
·  t₀ + δt = 300.03276, angle(t₀ + δt) = 0.04708, speed(t₀ + δt) = -0.00001
